[0.027s] Invoking command in '/home/xpan/repos/soem_vendor/build/soem_vendor': CMAKE_PREFIX_PATH=/opt/ros/humble /usr/bin/cmake --build /home/xpan/repos/soem_vendor/build/soem_vendor -- -j32 -l32
[0.041s] -- Found ament_cmake: 1.3.5 (/opt/ros/humble/share/ament_cmake/cmake)
[0.306s] -- Configuring done (0.3s)
[0.311s] -- Generating done (0.0s)
[0.312s] -- Build files have been written to: /home/xpan/repos/soem_vendor/build/soem_vendor
[0.325s] [ 12%] [34m[1mPerforming update step for 'soem'[0m
[0.336s] [ 25%] [34m[1mNo patch step for 'soem'[0m
[0.343s] [ 37%] [34m[1mPerforming configure step for 'soem'[0m
[0.346s] [0mCMake Deprecation Warning at CMakeLists.txt:1 (cmake_minimum_required):
[0.346s]   Compatibility with CMake < 3.5 will be removed from a future version of
[0.346s]   CMake.
[0.347s] 
[0.347s]   Update the VERSION argument <min> value or use a ...<max> suffix to tell
[0.347s]   CMake that the project does not need compatibility with older versions.
[0.347s] 
[0.347s] [0m
[0.351s] [0mOS is linux[0m
[0.351s] [0mLIB_DIR: lib[0m
[0.353s] -- Configuring done (0.0s)
[0.365s] -- Generating done (0.0s)
[0.367s] -- Build files have been written to: /home/xpan/repos/soem_vendor/build/soem_vendor/soem/src/soem-build
[0.373s] [ 50%] [34m[1mPerforming build step for 'soem'[0m
[0.396s] [ 68%] Built target soem
[0.404s] [ 78%] Built target eepromtool
[0.404s] [ 89%] Built target simple_test
[0.406s] [100%] Built target slaveinfo
[0.414s] [ 62%] [34m[1mPerforming install step for 'soem'[0m
[0.431s] [ 68%] Built target soem
[0.439s] [ 78%] Built target eepromtool
[0.440s] [ 89%] Built target slaveinfo
[0.440s] [100%] Built target simple_test
[0.446s] [36mInstall the project...[0m
[0.448s] -- Install configuration: ""
[0.448s] -- Up-to-date: /home/xpan/repos/soem_vendor/build/soem_vendor/soem_install/lib/libsoem.a
[0.449s] -- Up-to-date: /home/xpan/repos/soem_vendor/build/soem_vendor/soem_install/include/soem/ethercat.h
[0.449s] -- Up-to-date: /home/xpan/repos/soem_vendor/build/soem_vendor/soem_install/include/soem/ethercatbase.h
[0.449s] -- Up-to-date: /home/xpan/repos/soem_vendor/build/soem_vendor/soem_install/include/soem/ethercatcoe.h
[0.449s] -- Up-to-date: /home/xpan/repos/soem_vendor/build/soem_vendor/soem_install/include/soem/ethercatconfig.h
[0.449s] -- Up-to-date: /home/xpan/repos/soem_vendor/build/soem_vendor/soem_install/include/soem/ethercatconfiglist.h
[0.449s] -- Up-to-date: /home/xpan/repos/soem_vendor/build/soem_vendor/soem_install/include/soem/ethercatdc.h
[0.449s] -- Up-to-date: /home/xpan/repos/soem_vendor/build/soem_vendor/soem_install/include/soem/ethercateoe.h
[0.449s] -- Up-to-date: /home/xpan/repos/soem_vendor/build/soem_vendor/soem_install/include/soem/ethercatfoe.h
[0.449s] -- Up-to-date: /home/xpan/repos/soem_vendor/build/soem_vendor/soem_install/include/soem/ethercatmain.h
[0.449s] -- Up-to-date: /home/xpan/repos/soem_vendor/build/soem_vendor/soem_install/include/soem/ethercatprint.h
[0.449s] -- Up-to-date: /home/xpan/repos/soem_vendor/build/soem_vendor/soem_install/include/soem/ethercatsoe.h
[0.450s] -- Up-to-date: /home/xpan/repos/soem_vendor/build/soem_vendor/soem_install/include/soem/ethercattype.h
[0.450s] -- Up-to-date: /home/xpan/repos/soem_vendor/build/soem_vendor/soem_install/include/soem/osal_defs.h
[0.450s] -- Up-to-date: /home/xpan/repos/soem_vendor/build/soem_vendor/soem_install/include/soem/osal.h
[0.450s] -- Up-to-date: /home/xpan/repos/soem_vendor/build/soem_vendor/soem_install/include/soem/nicdrv.h
[0.450s] -- Up-to-date: /home/xpan/repos/soem_vendor/build/soem_vendor/soem_install/include/soem/oshw.h
[0.450s] -- Up-to-date: /home/xpan/repos/soem_vendor/build/soem_vendor/soem_install/bin/slaveinfo
[0.450s] -- Up-to-date: /home/xpan/repos/soem_vendor/build/soem_vendor/soem_install/bin/eepromtool
[0.450s] -- Up-to-date: /home/xpan/repos/soem_vendor/build/soem_vendor/soem_install/bin/simple_test
[0.454s] [ 75%] [34m[1mCompleted 'soem'[0m
[0.463s] [100%] Built target soem
[0.467s] Invoked command in '/home/xpan/repos/soem_vendor/build/soem_vendor' returned '0': CMAKE_PREFIX_PATH=/opt/ros/humble /usr/bin/cmake --build /home/xpan/repos/soem_vendor/build/soem_vendor -- -j32 -l32
[0.479s] Invoking command in '/home/xpan/repos/soem_vendor/build/soem_vendor': CMAKE_PREFIX_PATH=/opt/ros/humble /usr/bin/cmake --install /home/xpan/repos/soem_vendor/build/soem_vendor
[0.481s] -- Install configuration: ""
[0.481s] -- Up-to-date: /home/xpan/repos/soem_vendor/install/soem_vendor
[0.481s] -- Up-to-date: /home/xpan/repos/soem_vendor/install/soem_vendor/lib
[0.482s] -- Up-to-date: /home/xpan/repos/soem_vendor/install/soem_vendor/lib/libsoem.a
[0.482s] -- Up-to-date: /home/xpan/repos/soem_vendor/install/soem_vendor/include
[0.482s] -- Up-to-date: /home/xpan/repos/soem_vendor/install/soem_vendor/include/soem
[0.482s] -- Up-to-date: /home/xpan/repos/soem_vendor/install/soem_vendor/include/soem/ethercat.h
[0.482s] -- Up-to-date: /home/xpan/repos/soem_vendor/install/soem_vendor/include/soem/ethercatbase.h
[0.482s] -- Up-to-date: /home/xpan/repos/soem_vendor/install/soem_vendor/include/soem/ethercatcoe.h
[0.482s] -- Up-to-date: /home/xpan/repos/soem_vendor/install/soem_vendor/include/soem/ethercatconfig.h
[0.482s] -- Up-to-date: /home/xpan/repos/soem_vendor/install/soem_vendor/include/soem/ethercatconfiglist.h
[0.482s] -- Up-to-date: /home/xpan/repos/soem_vendor/install/soem_vendor/include/soem/ethercatdc.h
[0.482s] -- Up-to-date: /home/xpan/repos/soem_vendor/install/soem_vendor/include/soem/ethercateoe.h
[0.482s] -- Up-to-date: /home/xpan/repos/soem_vendor/install/soem_vendor/include/soem/ethercatfoe.h
[0.483s] -- Up-to-date: /home/xpan/repos/soem_vendor/install/soem_vendor/include/soem/ethercatmain.h
[0.483s] -- Up-to-date: /home/xpan/repos/soem_vendor/install/soem_vendor/include/soem/ethercatprint.h
[0.483s] -- Up-to-date: /home/xpan/repos/soem_vendor/install/soem_vendor/include/soem/ethercatsoe.h
[0.483s] -- Up-to-date: /home/xpan/repos/soem_vendor/install/soem_vendor/include/soem/ethercattype.h
[0.483s] -- Up-to-date: /home/xpan/repos/soem_vendor/install/soem_vendor/include/soem/osal_defs.h
[0.483s] -- Up-to-date: /home/xpan/repos/soem_vendor/install/soem_vendor/include/soem/osal.h
[0.483s] -- Up-to-date: /home/xpan/repos/soem_vendor/install/soem_vendor/include/soem/nicdrv.h
[0.483s] -- Up-to-date: /home/xpan/repos/soem_vendor/install/soem_vendor/include/soem/oshw.h
[0.483s] -- Up-to-date: /home/xpan/repos/soem_vendor/install/soem_vendor/bin
[0.483s] -- Up-to-date: /home/xpan/repos/soem_vendor/install/soem_vendor/bin/slaveinfo
[0.483s] -- Up-to-date: /home/xpan/repos/soem_vendor/install/soem_vendor/bin/eepromtool
[0.483s] -- Up-to-date: /home/xpan/repos/soem_vendor/install/soem_vendor/bin/simple_test
[0.483s] -- Installing: /home/xpan/repos/soem_vendor/install/soem_vendor/share/ament_index/resource_index/package_run_dependencies/soem_vendor
[0.484s] -- Installing: /home/xpan/repos/soem_vendor/install/soem_vendor/share/ament_index/resource_index/parent_prefix_path/soem_vendor
[0.484s] -- Installing: /home/xpan/repos/soem_vendor/install/soem_vendor/share/soem_vendor/environment/ament_prefix_path.sh
[0.484s] -- Installing: /home/xpan/repos/soem_vendor/install/soem_vendor/share/soem_vendor/environment/ament_prefix_path.dsv
[0.484s] -- Installing: /home/xpan/repos/soem_vendor/install/soem_vendor/share/soem_vendor/environment/path.sh
[0.484s] -- Installing: /home/xpan/repos/soem_vendor/install/soem_vendor/share/soem_vendor/environment/path.dsv
[0.484s] -- Installing: /home/xpan/repos/soem_vendor/install/soem_vendor/share/soem_vendor/local_setup.bash
[0.484s] -- Installing: /home/xpan/repos/soem_vendor/install/soem_vendor/share/soem_vendor/local_setup.sh
[0.484s] -- Installing: /home/xpan/repos/soem_vendor/install/soem_vendor/share/soem_vendor/local_setup.zsh
[0.484s] -- Installing: /home/xpan/repos/soem_vendor/install/soem_vendor/share/soem_vendor/local_setup.dsv
[0.484s] -- Installing: /home/xpan/repos/soem_vendor/install/soem_vendor/share/soem_vendor/package.dsv
[0.484s] -- Installing: /home/xpan/repos/soem_vendor/install/soem_vendor/share/ament_index/resource_index/packages/soem_vendor
[0.485s] -- Installing: /home/xpan/repos/soem_vendor/install/soem_vendor/share/soem_vendor/cmake/ament_cmake_export_include_directories-extras.cmake
[0.485s] -- Installing: /home/xpan/repos/soem_vendor/install/soem_vendor/share/soem_vendor/cmake/soem_vendorConfig.cmake
[0.485s] -- Installing: /home/xpan/repos/soem_vendor/install/soem_vendor/share/soem_vendor/cmake/soem_vendorConfig-version.cmake
[0.485s] -- Installing: /home/xpan/repos/soem_vendor/install/soem_vendor/share/soem_vendor/package.xml
[0.486s] Invoked command in '/home/xpan/repos/soem_vendor/build/soem_vendor' returned '0': CMAKE_PREFIX_PATH=/opt/ros/humble /usr/bin/cmake --install /home/xpan/repos/soem_vendor/build/soem_vendor
