-- The C compiler identification is GNU 11.4.0
-- The CXX compiler identification is GNU 11.4.0
-- Detecting C compiler ABI info
-- Detecting C compiler ABI info - done
-- Check for working C compiler: /usr/bin/cc - skipped
-- Detecting C compile features
-- Detecting C compile features - done
-- Detecting CXX compiler ABI info
-- Detecting CXX compiler ABI info - done
-- Check for working CXX compiler: /usr/bin/c++ - skipped
-- Detecting CXX compile features
-- Detecting CXX compile features - done
-- Found ament_cmake: 1.3.5 (/opt/ros/humble/share/ament_cmake/cmake)
-- Found Python3: /usr/bin/python3.10 (found version "3.10.12") found components: Interpreter 
-- Configuring done (0.5s)
-- Generating done (0.0s)
-- Build files have been written to: /home/xpan/repos/soem_vendor/build/soem_vendor
[ 12%] [34m[1mCreating directories for 'soem'[0m
[ 25%] [34m[1mPerforming download step (git clone) for 'soem'[0m
Cloning into 'soem'...
HEAD is now at abbf0d4 Fix doxygen build warnings for SOEM 1.4.0 (#312)
[ 37%] [34m[1mPerforming update step for 'soem'[0m
[ 50%] [34m[1mNo patch step for 'soem'[0m
[ 62%] [34m[1mPerforming configure step for 'soem'[0m
[0mCMake Deprecation Warning at CMakeLists.txt:1 (cmake_minimum_required):
  Compatibility with CMake < 3.5 will be removed from a future version of
  CMake.

  Update the VERSION argument <min> value or use a ...<max> suffix to tell
  CMake that the project does not need compatibility with older versions.

[0m
-- The C compiler identification is GNU 11.4.0
-- Detecting C compiler ABI info
-- Detecting C compiler ABI info - done
-- Check for working C compiler: /usr/bin/cc - skipped
-- Detecting C compile features
-- Detecting C compile features - done
[0mOS is linux[0m
[0mLIB_DIR: lib[0m
-- Configuring done (0.1s)
-- Generating done (0.0s)
-- Build files have been written to: /home/xpan/repos/soem_vendor/build/soem_vendor/soem/src/soem-build
[ 75%] [34m[1mPerforming build step for 'soem'[0m
[  5%] [32mBuilding C object CMakeFiles/soem.dir/soem/ethercatbase.c.o[0m
[ 15%] [32mBuilding C object CMakeFiles/soem.dir/soem/ethercatcoe.c.o[0m
[ 15%] [32mBuilding C object CMakeFiles/soem.dir/soem/ethercatdc.c.o[0m
[ 21%] [32mBuilding C object CMakeFiles/soem.dir/soem/ethercatconfig.c.o[0m
[ 26%] [32mBuilding C object CMakeFiles/soem.dir/soem/ethercateoe.c.o[0m
[ 31%] [32mBuilding C object CMakeFiles/soem.dir/soem/ethercatmain.c.o[0m
[ 47%] [32mBuilding C object CMakeFiles/soem.dir/soem/ethercatprint.c.o[0m
[ 47%] [32mBuilding C object CMakeFiles/soem.dir/soem/ethercatsoe.c.o[0m
[ 52%] [32mBuilding C object CMakeFiles/soem.dir/osal/linux/osal.c.o[0m
[ 52%] [32mBuilding C object CMakeFiles/soem.dir/soem/ethercatfoe.c.o[0m
[ 57%] [32mBuilding C object CMakeFiles/soem.dir/oshw/linux/nicdrv.c.o[0m
[ 63%] [32mBuilding C object CMakeFiles/soem.dir/oshw/linux/oshw.c.o[0m
[ 68%] [32m[1mLinking C static library libsoem.a[0m
[ 68%] Built target soem
[ 73%] [32mBuilding C object test/linux/eepromtool/CMakeFiles/eepromtool.dir/eepromtool.c.o[0m
[ 78%] [32mBuilding C object test/linux/slaveinfo/CMakeFiles/slaveinfo.dir/slaveinfo.c.o[0m
[ 84%] [32mBuilding C object test/linux/simple_test/CMakeFiles/simple_test.dir/simple_test.c.o[0m
[ 89%] [32m[1mLinking C executable eepromtool[0m
[ 94%] [32m[1mLinking C executable slaveinfo[0m
[100%] [32m[1mLinking C executable simple_test[0m
[100%] Built target slaveinfo
[100%] Built target eepromtool
[100%] Built target simple_test
[ 87%] [34m[1mPerforming install step for 'soem'[0m
[ 68%] Built target soem
[ 78%] Built target eepromtool
[ 89%] Built target simple_test
[100%] Built target slaveinfo
[36mInstall the project...[0m
-- Install configuration: ""
-- Installing: /home/xpan/repos/soem_vendor/build/soem_vendor/soem_install/lib/libsoem.a
-- Installing: /home/xpan/repos/soem_vendor/build/soem_vendor/soem_install/include/soem/ethercat.h
-- Installing: /home/xpan/repos/soem_vendor/build/soem_vendor/soem_install/include/soem/ethercatbase.h
-- Installing: /home/xpan/repos/soem_vendor/build/soem_vendor/soem_install/include/soem/ethercatcoe.h
-- Installing: /home/xpan/repos/soem_vendor/build/soem_vendor/soem_install/include/soem/ethercatconfig.h
-- Installing: /home/xpan/repos/soem_vendor/build/soem_vendor/soem_install/include/soem/ethercatconfiglist.h
-- Installing: /home/xpan/repos/soem_vendor/build/soem_vendor/soem_install/include/soem/ethercatdc.h
-- Installing: /home/xpan/repos/soem_vendor/build/soem_vendor/soem_install/include/soem/ethercateoe.h
-- Installing: /home/xpan/repos/soem_vendor/build/soem_vendor/soem_install/include/soem/ethercatfoe.h
-- Installing: /home/xpan/repos/soem_vendor/build/soem_vendor/soem_install/include/soem/ethercatmain.h
-- Installing: /home/xpan/repos/soem_vendor/build/soem_vendor/soem_install/include/soem/ethercatprint.h
-- Installing: /home/xpan/repos/soem_vendor/build/soem_vendor/soem_install/include/soem/ethercatsoe.h
-- Installing: /home/xpan/repos/soem_vendor/build/soem_vendor/soem_install/include/soem/ethercattype.h
-- Installing: /home/xpan/repos/soem_vendor/build/soem_vendor/soem_install/include/soem/osal_defs.h
-- Installing: /home/xpan/repos/soem_vendor/build/soem_vendor/soem_install/include/soem/osal.h
-- Installing: /home/xpan/repos/soem_vendor/build/soem_vendor/soem_install/include/soem/nicdrv.h
-- Installing: /home/xpan/repos/soem_vendor/build/soem_vendor/soem_install/include/soem/oshw.h
-- Installing: /home/xpan/repos/soem_vendor/build/soem_vendor/soem_install/bin/slaveinfo
-- Installing: /home/xpan/repos/soem_vendor/build/soem_vendor/soem_install/bin/eepromtool
-- Installing: /home/xpan/repos/soem_vendor/build/soem_vendor/soem_install/bin/simple_test
[100%] [34m[1mCompleted 'soem'[0m
[100%] Built target soem
-- Install configuration: ""
[31mCMake Error at cmake_install.cmake:54 (file):
  file INSTALL cannot find
  "/home/xpan/repos/soem_vendor/build/soem_vendor/some_install": No such file
  or directory.

[0m
