[0.027s] Invoking command in '/home/xpan/repos/soem_vendor/build/soem_vendor': CMAKE_PREFIX_PATH=/opt/ros/humble /usr/bin/cmake /home/xpan/repos/soem_vendor -DCMAKE_INSTALL_PREFIX=/home/xpan/repos/soem_vendor/install/soem_vendor
[0.071s] -- The C compiler identification is GNU 11.4.0
[0.121s] -- The CXX compiler identification is GNU 11.4.0
[0.134s] -- Detecting C compiler ABI info
[0.180s] -- Detecting C compiler ABI info - done
[0.190s] -- Check for working C compiler: /usr/bin/cc - skipped
[0.191s] -- Detecting C compile features
[0.191s] -- Detecting C compile features - done
[0.198s] -- Detecting CXX compiler ABI info
[0.240s] -- Detecting CXX compiler ABI info - done
[0.251s] -- Check for working CXX compiler: /usr/bin/c++ - skipped
[0.251s] -- Detecting CXX compile features
[0.252s] -- Detecting CXX compile features - done
[0.254s] -- Found ament_cmake: 1.3.5 (/opt/ros/humble/share/ament_cmake/cmake)
[0.386s] -- Found Python3: /usr/bin/python3.10 (found version "3.10.12") found components: Interpreter 
[0.537s] -- Configuring done (0.5s)
[0.544s] -- Generating done (0.0s)
[0.546s] -- Build files have been written to: /home/xpan/repos/soem_vendor/build/soem_vendor
[0.550s] Invoked command in '/home/xpan/repos/soem_vendor/build/soem_vendor' returned '0': CMAKE_PREFIX_PATH=/opt/ros/humble /usr/bin/cmake /home/xpan/repos/soem_vendor -DCMAKE_INSTALL_PREFIX=/home/xpan/repos/soem_vendor/install/soem_vendor
[0.552s] Invoking command in '/home/xpan/repos/soem_vendor/build/soem_vendor': CMAKE_PREFIX_PATH=/opt/ros/humble /usr/bin/cmake --build /home/xpan/repos/soem_vendor/build/soem_vendor -- -j32 -l32
[0.567s] [ 12%] [34m[1mCreating directories for 'soem'[0m
[0.571s] [ 25%] [34m[1mPerforming download step (git clone) for 'soem'[0m
[0.575s] Cloning into 'soem'...
[1.836s] HEAD is now at abbf0d4 Fix doxygen build warnings for SOEM 1.4.0 (#312)
[1.860s] [ 37%] [34m[1mPerforming update step for 'soem'[0m
[1.869s] [ 50%] [34m[1mNo patch step for 'soem'[0m
[1.876s] [ 62%] [34m[1mPerforming configure step for 'soem'[0m
[1.879s] [0mCMake Deprecation Warning at CMakeLists.txt:1 (cmake_minimum_required):
[1.879s]   Compatibility with CMake < 3.5 will be removed from a future version of
[1.879s]   CMake.
[1.879s] 
[1.879s]   Update the VERSION argument <min> value or use a ...<max> suffix to tell
[1.879s]   CMake that the project does not need compatibility with older versions.
[1.879s] 
[1.879s] [0m
[1.917s] -- The C compiler identification is GNU 11.4.0
[1.929s] -- Detecting C compiler ABI info
[1.985s] -- Detecting C compiler ABI info - done
[2.000s] -- Check for working C compiler: /usr/bin/cc - skipped
[2.001s] -- Detecting C compile features
[2.001s] -- Detecting C compile features - done
[2.002s] [0mOS is linux[0m
[2.003s] [0mLIB_DIR: lib[0m
[2.004s] -- Configuring done (0.1s)
[2.017s] -- Generating done (0.0s)
[2.018s] -- Build files have been written to: /home/xpan/repos/soem_vendor/build/soem_vendor/soem/src/soem-build
[2.026s] [ 75%] [34m[1mPerforming build step for 'soem'[0m
[2.044s] [  5%] [32mBuilding C object CMakeFiles/soem.dir/soem/ethercatbase.c.o[0m
[2.044s] [ 15%] [32mBuilding C object CMakeFiles/soem.dir/soem/ethercatcoe.c.o[0m
[2.044s] [ 15%] [32mBuilding C object CMakeFiles/soem.dir/soem/ethercatdc.c.o[0m
[2.045s] [ 21%] [32mBuilding C object CMakeFiles/soem.dir/soem/ethercatconfig.c.o[0m
[2.045s] [ 26%] [32mBuilding C object CMakeFiles/soem.dir/soem/ethercateoe.c.o[0m
[2.045s] [ 31%] [32mBuilding C object CMakeFiles/soem.dir/soem/ethercatmain.c.o[0m
[2.045s] [ 47%] [32mBuilding C object CMakeFiles/soem.dir/soem/ethercatprint.c.o[0m
[2.046s] [ 47%] [32mBuilding C object CMakeFiles/soem.dir/soem/ethercatsoe.c.o[0m
[2.046s] [ 52%] [32mBuilding C object CMakeFiles/soem.dir/osal/linux/osal.c.o[0m
[2.046s] [ 52%] [32mBuilding C object CMakeFiles/soem.dir/soem/ethercatfoe.c.o[0m
[2.046s] [ 57%] [32mBuilding C object CMakeFiles/soem.dir/oshw/linux/nicdrv.c.o[0m
[2.046s] [ 63%] [32mBuilding C object CMakeFiles/soem.dir/oshw/linux/oshw.c.o[0m
[2.134s] [ 68%] [32m[1mLinking C static library libsoem.a[0m
[2.206s] [ 68%] Built target soem
[2.213s] [ 73%] [32mBuilding C object test/linux/eepromtool/CMakeFiles/eepromtool.dir/eepromtool.c.o[0m
[2.213s] [ 78%] [32mBuilding C object test/linux/slaveinfo/CMakeFiles/slaveinfo.dir/slaveinfo.c.o[0m
[2.214s] [ 84%] [32mBuilding C object test/linux/simple_test/CMakeFiles/simple_test.dir/simple_test.c.o[0m
[2.247s] [ 89%] [32m[1mLinking C executable eepromtool[0m
[2.249s] [ 94%] [32m[1mLinking C executable slaveinfo[0m
[2.253s] [100%] [32m[1mLinking C executable simple_test[0m
[2.272s] [100%] Built target slaveinfo
[2.273s] [100%] Built target eepromtool
[2.275s] [100%] Built target simple_test
[2.283s] [ 87%] [34m[1mPerforming install step for 'soem'[0m
[2.307s] [ 68%] Built target soem
[2.314s] [ 78%] Built target eepromtool
[2.316s] [ 89%] Built target simple_test
[2.317s] [100%] Built target slaveinfo
[2.322s] [36mInstall the project...[0m
[2.324s] -- Install configuration: ""
[2.324s] -- Installing: /home/xpan/repos/soem_vendor/build/soem_vendor/soem_install/lib/libsoem.a
[2.325s] -- Installing: /home/xpan/repos/soem_vendor/build/soem_vendor/soem_install/include/soem/ethercat.h
[2.325s] -- Installing: /home/xpan/repos/soem_vendor/build/soem_vendor/soem_install/include/soem/ethercatbase.h
[2.325s] -- Installing: /home/xpan/repos/soem_vendor/build/soem_vendor/soem_install/include/soem/ethercatcoe.h
[2.325s] -- Installing: /home/xpan/repos/soem_vendor/build/soem_vendor/soem_install/include/soem/ethercatconfig.h
[2.325s] -- Installing: /home/xpan/repos/soem_vendor/build/soem_vendor/soem_install/include/soem/ethercatconfiglist.h
[2.325s] -- Installing: /home/xpan/repos/soem_vendor/build/soem_vendor/soem_install/include/soem/ethercatdc.h
[2.325s] -- Installing: /home/xpan/repos/soem_vendor/build/soem_vendor/soem_install/include/soem/ethercateoe.h
[2.325s] -- Installing: /home/xpan/repos/soem_vendor/build/soem_vendor/soem_install/include/soem/ethercatfoe.h
[2.325s] -- Installing: /home/xpan/repos/soem_vendor/build/soem_vendor/soem_install/include/soem/ethercatmain.h
[2.325s] -- Installing: /home/xpan/repos/soem_vendor/build/soem_vendor/soem_install/include/soem/ethercatprint.h
[2.326s] -- Installing: /home/xpan/repos/soem_vendor/build/soem_vendor/soem_install/include/soem/ethercatsoe.h
[2.326s] -- Installing: /home/xpan/repos/soem_vendor/build/soem_vendor/soem_install/include/soem/ethercattype.h
[2.326s] -- Installing: /home/xpan/repos/soem_vendor/build/soem_vendor/soem_install/include/soem/osal_defs.h
[2.326s] -- Installing: /home/xpan/repos/soem_vendor/build/soem_vendor/soem_install/include/soem/osal.h
[2.326s] -- Installing: /home/xpan/repos/soem_vendor/build/soem_vendor/soem_install/include/soem/nicdrv.h
[2.326s] -- Installing: /home/xpan/repos/soem_vendor/build/soem_vendor/soem_install/include/soem/oshw.h
[2.326s] -- Installing: /home/xpan/repos/soem_vendor/build/soem_vendor/soem_install/bin/slaveinfo
[2.326s] -- Installing: /home/xpan/repos/soem_vendor/build/soem_vendor/soem_install/bin/eepromtool
[2.327s] -- Installing: /home/xpan/repos/soem_vendor/build/soem_vendor/soem_install/bin/simple_test
[2.331s] [100%] [34m[1mCompleted 'soem'[0m
[2.337s] [100%] Built target soem
[2.340s] Invoked command in '/home/xpan/repos/soem_vendor/build/soem_vendor' returned '0': CMAKE_PREFIX_PATH=/opt/ros/humble /usr/bin/cmake --build /home/xpan/repos/soem_vendor/build/soem_vendor -- -j32 -l32
[2.350s] Invoking command in '/home/xpan/repos/soem_vendor/build/soem_vendor': CMAKE_PREFIX_PATH=/opt/ros/humble /usr/bin/cmake --install /home/xpan/repos/soem_vendor/build/soem_vendor
[2.352s] -- Install configuration: ""
[2.352s] [31mCMake Error at cmake_install.cmake:54 (file):
[2.352s]   file INSTALL cannot find
[2.352s]   "/home/xpan/repos/soem_vendor/build/soem_vendor/some_install": No such file
[2.353s]   or directory.
[2.353s] 
[2.353s] [0m
[2.353s] Invoked command in '/home/xpan/repos/soem_vendor/build/soem_vendor' returned '1': CMAKE_PREFIX_PATH=/opt/ros/humble /usr/bin/cmake --install /home/xpan/repos/soem_vendor/build/soem_vendor
