[0.028s] Invoking command in '/home/xpan/repos/soem_vendor/build/soem_vendor': CMAKE_PREFIX_PATH=/opt/ros/humble /usr/bin/cmake --build /home/xpan/repos/soem_vendor/build/soem_vendor -- -j32 -l32
[0.042s] -- Found ament_cmake: 1.3.5 (/opt/ros/humble/share/ament_cmake/cmake)
[0.331s] -- Configuring done (0.3s)
[0.336s] -- Generating done (0.0s)
[0.338s] -- Build files have been written to: /home/xpan/repos/soem_vendor/build/soem_vendor
[0.350s] [ 12%] [34m[1mPerforming update step for 'soem'[0m
[0.359s] [ 25%] [34m[1mNo patch step for 'soem'[0m
[0.365s] [ 37%] [34m[1mPerforming configure step for 'soem'[0m
[0.368s] [0mCMake Deprecation Warning at CMakeLists.txt:1 (cmake_minimum_required):
[0.368s]   Compatibility with CMake < 3.5 will be removed from a future version of
[0.368s]   CMake.
[0.368s] 
[0.368s]   Update the VERSION argument <min> value or use a ...<max> suffix to tell
[0.368s]   CMake that the project does not need compatibility with older versions.
[0.368s] 
[0.368s] [0m
[0.371s] [0mOS is linux[0m
[0.371s] [0mLIB_DIR: lib[0m
[0.372s] -- Configuring done (0.0s)
[0.382s] -- Generating done (0.0s)
[0.383s] -- Build files have been written to: /home/xpan/repos/soem_vendor/build/soem_vendor/soem/src/soem-build
[0.388s] [ 50%] [34m[1mPerforming build step for 'soem'[0m
[0.406s] [ 68%] Built target soem
[0.413s] [ 78%] Built target slaveinfo
[0.413s] [ 89%] Built target simple_test
[0.414s] [100%] Built target eepromtool
[0.420s] [ 62%] [34m[1mPerforming install step for 'soem'[0m
[0.434s] [ 68%] Built target soem
[0.442s] [ 78%] Built target eepromtool
[0.442s] [ 89%] Built target slaveinfo
[0.443s] [100%] Built target simple_test
[0.449s] [36mInstall the project...[0m
[0.452s] -- Install configuration: ""
[0.452s] -- Up-to-date: /home/xpan/repos/soem_vendor/build/soem_vendor/soem_install/lib/libsoem.a
[0.452s] -- Up-to-date: /home/xpan/repos/soem_vendor/build/soem_vendor/soem_install/include/soem/ethercat.h
[0.452s] -- Up-to-date: /home/xpan/repos/soem_vendor/build/soem_vendor/soem_install/include/soem/ethercatbase.h
[0.452s] -- Up-to-date: /home/xpan/repos/soem_vendor/build/soem_vendor/soem_install/include/soem/ethercatcoe.h
[0.452s] -- Up-to-date: /home/xpan/repos/soem_vendor/build/soem_vendor/soem_install/include/soem/ethercatconfig.h
[0.452s] -- Up-to-date: /home/xpan/repos/soem_vendor/build/soem_vendor/soem_install/include/soem/ethercatconfiglist.h
[0.452s] -- Up-to-date: /home/xpan/repos/soem_vendor/build/soem_vendor/soem_install/include/soem/ethercatdc.h
[0.452s] -- Up-to-date: /home/xpan/repos/soem_vendor/build/soem_vendor/soem_install/include/soem/ethercateoe.h
[0.452s] -- Up-to-date: /home/xpan/repos/soem_vendor/build/soem_vendor/soem_install/include/soem/ethercatfoe.h
[0.452s] -- Up-to-date: /home/xpan/repos/soem_vendor/build/soem_vendor/soem_install/include/soem/ethercatmain.h
[0.452s] -- Up-to-date: /home/xpan/repos/soem_vendor/build/soem_vendor/soem_install/include/soem/ethercatprint.h
[0.452s] -- Up-to-date: /home/xpan/repos/soem_vendor/build/soem_vendor/soem_install/include/soem/ethercatsoe.h
[0.452s] -- Up-to-date: /home/xpan/repos/soem_vendor/build/soem_vendor/soem_install/include/soem/ethercattype.h
[0.453s] -- Up-to-date: /home/xpan/repos/soem_vendor/build/soem_vendor/soem_install/include/soem/osal_defs.h
[0.453s] -- Up-to-date: /home/xpan/repos/soem_vendor/build/soem_vendor/soem_install/include/soem/osal.h
[0.453s] -- Up-to-date: /home/xpan/repos/soem_vendor/build/soem_vendor/soem_install/include/soem/nicdrv.h
[0.453s] -- Up-to-date: /home/xpan/repos/soem_vendor/build/soem_vendor/soem_install/include/soem/oshw.h
[0.453s] -- Up-to-date: /home/xpan/repos/soem_vendor/build/soem_vendor/soem_install/bin/slaveinfo
[0.453s] -- Up-to-date: /home/xpan/repos/soem_vendor/build/soem_vendor/soem_install/bin/eepromtool
[0.454s] -- Up-to-date: /home/xpan/repos/soem_vendor/build/soem_vendor/soem_install/bin/simple_test
[0.458s] [ 75%] [34m[1mCompleted 'soem'[0m
[0.463s] [100%] Built target soem
[0.467s] Invoked command in '/home/xpan/repos/soem_vendor/build/soem_vendor' returned '0': CMAKE_PREFIX_PATH=/opt/ros/humble /usr/bin/cmake --build /home/xpan/repos/soem_vendor/build/soem_vendor -- -j32 -l32
[0.479s] Invoking command in '/home/xpan/repos/soem_vendor/build/soem_vendor': CMAKE_PREFIX_PATH=/opt/ros/humble /usr/bin/cmake --install /home/xpan/repos/soem_vendor/build/soem_vendor
[0.481s] -- Install configuration: ""
[0.481s] [31mCMake Error at cmake_install.cmake:54 (file):
[0.481s]   file INSTALL cannot find
[0.481s]   "/home/xpan/repos/soem_vendor/build/soem_vendor/some_install": No such file
[0.481s]   or directory.
[0.481s] 
[0.482s] [0m
[0.482s] Invoked command in '/home/xpan/repos/soem_vendor/build/soem_vendor' returned '1': CMAKE_PREFIX_PATH=/opt/ros/humble /usr/bin/cmake --install /home/xpan/repos/soem_vendor/build/soem_vendor
