[0.653s] DEBUG:colcon:Command line arguments: ['/usr/bin/colcon', 'build']
[0.654s] DEBUG:colcon:Parsed command line arguments: Namespace(log_base=None, log_level=None, verb_name='build', build_base='build', install_base='install', merge_install=False, symlink_install=False, test_result_base=None, continue_on_error=False, executor='parallel', parallel_workers=32, event_handlers=None, ignore_user_meta=False, metas=['./colcon.meta'], base_paths=['.'], packages_ignore=None, packages_ignore_regex=None, paths=None, packages_up_to=None, packages_up_to_regex=None, packages_above=None, packages_above_and_dependencies=None, packages_above_depth=None, packages_select_by_dep=None, packages_skip_by_dep=None, packages_skip_up_to=None, packages_select_build_failed=False, packages_skip_build_finished=False, packages_select_test_failures=False, packages_skip_test_passed=False, packages_select=None, packages_skip=None, packages_select_regex=None, packages_skip_regex=None, packages_start=None, packages_end=None, allow_overriding=[], cmake_args=None, cmake_target=None, cmake_target_skip_unavailable=False, cmake_clean_cache=False, cmake_clean_first=False, cmake_force_configure=False, ament_cmake_args=None, catkin_cmake_args=None, catkin_skip_building_tests=False, mixin_files=None, mixin=None, verb_parser=<colcon_mixin.mixin.mixin_argument.MixinArgumentDecorator object at 0x7fb4d1eaf9a0>, verb_extension=<colcon_core.verb.build.BuildVerb object at 0x7fb4d1eaf6a0>, main=<bound method BuildVerb.main of <colcon_core.verb.build.BuildVerb object at 0x7fb4d1eaf6a0>>, mixin_verb=('build',))
[0.678s] Level 1:colcon.colcon_core.package_discovery:discover_packages(colcon_meta) check parameters
[0.678s] Level 1:colcon.colcon_core.package_discovery:discover_packages(recursive) check parameters
[0.678s] Level 1:colcon.colcon_core.package_discovery:discover_packages(ignore) check parameters
[0.678s] Level 1:colcon.colcon_core.package_discovery:discover_packages(path) check parameters
[0.678s] Level 1:colcon.colcon_core.package_discovery:discover_packages(colcon_meta) discover
[0.678s] Level 1:colcon.colcon_core.package_discovery:discover_packages(recursive) discover
[0.678s] INFO:colcon.colcon_core.package_discovery:Crawling recursively for packages in '/home/xpan/repos/soem_vendor'
[0.678s] Level 1:colcon.colcon_core.package_identification:_identify(.) by extensions ['ignore', 'ignore_ament_install']
[0.678s] Level 1:colcon.colcon_core.package_identification:_identify(.) by extension 'ignore'
[0.678s] Level 1:colcon.colcon_core.package_identification:_identify(.) by extension 'ignore_ament_install'
[0.678s] Level 1:colcon.colcon_core.package_identification:_identify(.) by extensions ['colcon_pkg']
[0.678s] Level 1:colcon.colcon_core.package_identification:_identify(.) by extension 'colcon_pkg'
[0.678s] Level 1:colcon.colcon_core.package_identification:_identify(.) by extensions ['colcon_meta']
[0.678s] Level 1:colcon.colcon_core.package_identification:_identify(.) by extension 'colcon_meta'
[0.678s] Level 1:colcon.colcon_core.package_identification:_identify(.) by extensions ['ros']
[0.678s] Level 1:colcon.colcon_core.package_identification:_identify(.) by extension 'ros'
[0.686s] DEBUG:colcon.colcon_core.package_identification:Package '.' with type 'ros.ament_cmake' and name 'soem_vendor'
[0.686s] Level 1:colcon.colcon_core.package_discovery:discover_packages(recursive) using defaults
[0.686s] Level 1:colcon.colcon_core.package_discovery:discover_packages(ignore) discover
[0.686s] Level 1:colcon.colcon_core.package_discovery:discover_packages(ignore) using defaults
[0.686s] Level 1:colcon.colcon_core.package_discovery:discover_packages(path) discover
[0.686s] Level 1:colcon.colcon_core.package_discovery:discover_packages(path) using defaults
[0.733s] Level 1:colcon.colcon_core.package_discovery:discover_packages(prefix_path) check parameters
[0.733s] Level 1:colcon.colcon_core.package_discovery:discover_packages(prefix_path) discover
[0.749s] DEBUG:colcon.colcon_installed_package_information.package_discovery:Found 193 installed packages in /opt/ros/humble
[0.749s] Level 1:colcon.colcon_core.package_discovery:discover_packages(prefix_path) using defaults
[0.788s] Level 5:colcon.colcon_core.verb:set package 'soem_vendor' build argument 'cmake_args' from command line to 'None'
[0.788s] Level 5:colcon.colcon_core.verb:set package 'soem_vendor' build argument 'cmake_target' from command line to 'None'
[0.788s] Level 5:colcon.colcon_core.verb:set package 'soem_vendor' build argument 'cmake_target_skip_unavailable' from command line to 'False'
[0.788s] Level 5:colcon.colcon_core.verb:set package 'soem_vendor' build argument 'cmake_clean_cache' from command line to 'False'
[0.788s] Level 5:colcon.colcon_core.verb:set package 'soem_vendor' build argument 'cmake_clean_first' from command line to 'False'
[0.788s] Level 5:colcon.colcon_core.verb:set package 'soem_vendor' build argument 'cmake_force_configure' from command line to 'False'
[0.788s] Level 5:colcon.colcon_core.verb:set package 'soem_vendor' build argument 'ament_cmake_args' from command line to 'None'
[0.788s] Level 5:colcon.colcon_core.verb:set package 'soem_vendor' build argument 'catkin_cmake_args' from command line to 'None'
[0.788s] Level 5:colcon.colcon_core.verb:set package 'soem_vendor' build argument 'catkin_skip_building_tests' from command line to 'False'
[0.788s] DEBUG:colcon.colcon_core.verb:Building package 'soem_vendor' with the following arguments: {'ament_cmake_args': None, 'build_base': '/home/xpan/repos/soem_vendor/build/soem_vendor', 'catkin_cmake_args': None, 'catkin_skip_building_tests': False, 'cmake_args': None, 'cmake_clean_cache': False, 'cmake_clean_first': False, 'cmake_force_configure': False, 'cmake_target': None, 'cmake_target_skip_unavailable': False, 'install_base': '/home/xpan/repos/soem_vendor/install/soem_vendor', 'merge_install': False, 'path': '/home/xpan/repos/soem_vendor', 'symlink_install': False, 'test_result_base': None}
[0.795s] INFO:colcon.colcon_core.executor:Executing jobs using 'parallel' executor
[0.803s] DEBUG:colcon.colcon_parallel_executor.executor.parallel:run_until_complete
[0.803s] INFO:colcon.colcon_ros.task.ament_cmake.build:Building ROS package in '/home/xpan/repos/soem_vendor' with build type 'ament_cmake'
[0.803s] INFO:colcon.colcon_cmake.task.cmake.build:Building CMake package in '/home/xpan/repos/soem_vendor'
[0.812s] INFO:colcon.colcon_core.plugin_system:Skipping extension 'colcon_core.shell.bat': Not used on non-Windows systems
[0.812s] INFO:colcon.colcon_core.shell:Skip shell extension 'powershell' for command environment: Not usable outside of PowerShell
[0.812s] DEBUG:colcon.colcon_core.shell:Skip shell extension 'dsv' for command environment
[0.831s] DEBUG:colcon.colcon_core.event_handler.log_command:Invoking command in '/home/xpan/repos/soem_vendor/build/soem_vendor': CMAKE_PREFIX_PATH=/opt/ros/humble /usr/bin/cmake /home/xpan/repos/soem_vendor -DCMAKE_INSTALL_PREFIX=/home/xpan/repos/soem_vendor/install/soem_vendor
[1.354s] DEBUG:colcon.colcon_core.event_handler.log_command:Invoked command in '/home/xpan/repos/soem_vendor/build/soem_vendor' returned '0': CMAKE_PREFIX_PATH=/opt/ros/humble /usr/bin/cmake /home/xpan/repos/soem_vendor -DCMAKE_INSTALL_PREFIX=/home/xpan/repos/soem_vendor/install/soem_vendor
[1.356s] DEBUG:colcon.colcon_core.event_handler.log_command:Invoking command in '/home/xpan/repos/soem_vendor/build/soem_vendor': CMAKE_PREFIX_PATH=/opt/ros/humble /usr/bin/cmake --build /home/xpan/repos/soem_vendor/build/soem_vendor -- -j32 -l32
[3.143s] DEBUG:colcon.colcon_core.event_handler.log_command:Invoked command in '/home/xpan/repos/soem_vendor/build/soem_vendor' returned '0': CMAKE_PREFIX_PATH=/opt/ros/humble /usr/bin/cmake --build /home/xpan/repos/soem_vendor/build/soem_vendor -- -j32 -l32
[3.153s] DEBUG:colcon.colcon_core.event_handler.log_command:Invoking command in '/home/xpan/repos/soem_vendor/build/soem_vendor': CMAKE_PREFIX_PATH=/opt/ros/humble /usr/bin/cmake --install /home/xpan/repos/soem_vendor/build/soem_vendor
[3.157s] DEBUG:colcon.colcon_core.event_handler.log_command:Invoked command in '/home/xpan/repos/soem_vendor/build/soem_vendor' returned '1': CMAKE_PREFIX_PATH=/opt/ros/humble /usr/bin/cmake --install /home/xpan/repos/soem_vendor/build/soem_vendor
[3.180s] Level 1:colcon.colcon_core.environment:create_environment_scripts_only(soem_vendor)
[3.193s] Level 1:colcon.colcon_core.environment:checking '/home/xpan/repos/soem_vendor/install/soem_vendor' for CMake module files
[3.193s] Level 1:colcon.colcon_core.environment:checking '/home/xpan/repos/soem_vendor/install/soem_vendor' for CMake config files
[3.193s] Level 1:colcon.colcon_core.environment:checking '/home/xpan/repos/soem_vendor/install/soem_vendor/bin'
[3.193s] Level 1:colcon.colcon_core.environment:checking '/home/xpan/repos/soem_vendor/install/soem_vendor/lib/pkgconfig/soem_vendor.pc'
[3.194s] Level 1:colcon.colcon_core.environment:checking '/home/xpan/repos/soem_vendor/install/soem_vendor/lib/python3.10/site-packages'
[3.194s] Level 1:colcon.colcon_core.environment:checking '/home/xpan/repos/soem_vendor/install/soem_vendor/bin'
[3.205s] INFO:colcon.colcon_core.shell:Creating package script '/home/xpan/repos/soem_vendor/install/soem_vendor/share/soem_vendor/package.ps1'
[3.206s] INFO:colcon.colcon_core.shell:Creating package descriptor '/home/xpan/repos/soem_vendor/install/soem_vendor/share/soem_vendor/package.dsv'
[3.206s] INFO:colcon.colcon_core.shell:Creating package script '/home/xpan/repos/soem_vendor/install/soem_vendor/share/soem_vendor/package.sh'
[3.207s] INFO:colcon.colcon_core.shell:Creating package script '/home/xpan/repos/soem_vendor/install/soem_vendor/share/soem_vendor/package.bash'
[3.208s] INFO:colcon.colcon_core.shell:Creating package script '/home/xpan/repos/soem_vendor/install/soem_vendor/share/soem_vendor/package.zsh'
[3.208s] Level 1:colcon.colcon_core.environment:create_file_with_runtime_dependencies(/home/xpan/repos/soem_vendor/install/soem_vendor/share/colcon-core/packages/soem_vendor)
[3.219s] DEBUG:colcon.colcon_parallel_executor.executor.parallel:closing loop
[3.219s] DEBUG:colcon.colcon_parallel_executor.executor.parallel:loop closed
[3.219s] DEBUG:colcon.colcon_parallel_executor.executor.parallel:run_until_complete finished with '1'
[3.219s] DEBUG:colcon.colcon_core.event_reactor:joining thread
[3.236s] INFO:colcon.colcon_core.plugin_system:Skipping extension 'colcon_notification.desktop_notification.terminal_notifier': Not used on non-Darwin systems
[3.236s] INFO:colcon.colcon_core.plugin_system:Skipping extension 'colcon_notification.desktop_notification.win32': Not used on non-Windows systems
[3.236s] INFO:colcon.colcon_notification.desktop_notification:Sending desktop notification using 'notify2'
[3.237s] DEBUG:colcon.colcon_notification.desktop_notification.notify2:Failed to initialize notify2: org.freedesktop.DBus.Error.ServiceUnknown: The name org.freedesktop.Notifications was not provided by any .service files
[3.237s] DEBUG:colcon.colcon_core.event_reactor:joined thread
[3.263s] INFO:colcon.colcon_core.shell:Creating prefix script '/home/xpan/repos/soem_vendor/install/local_setup.ps1'
[3.264s] INFO:colcon.colcon_core.shell:Creating prefix util module '/home/xpan/repos/soem_vendor/install/_local_setup_util_ps1.py'
[3.266s] INFO:colcon.colcon_core.shell:Creating prefix chain script '/home/xpan/repos/soem_vendor/install/setup.ps1'
[3.282s] INFO:colcon.colcon_core.shell:Creating prefix script '/home/xpan/repos/soem_vendor/install/local_setup.sh'
[3.282s] INFO:colcon.colcon_core.shell:Creating prefix util module '/home/xpan/repos/soem_vendor/install/_local_setup_util_sh.py'
[3.283s] INFO:colcon.colcon_core.shell:Creating prefix chain script '/home/xpan/repos/soem_vendor/install/setup.sh'
[3.299s] INFO:colcon.colcon_core.shell:Creating prefix script '/home/xpan/repos/soem_vendor/install/local_setup.bash'
[3.299s] INFO:colcon.colcon_core.shell:Creating prefix chain script '/home/xpan/repos/soem_vendor/install/setup.bash'
[3.308s] INFO:colcon.colcon_core.shell:Creating prefix script '/home/xpan/repos/soem_vendor/install/local_setup.zsh'
[3.309s] INFO:colcon.colcon_core.shell:Creating prefix chain script '/home/xpan/repos/soem_vendor/install/setup.zsh'
