[0.655s] DEBUG:colcon:Command line arguments: ['/usr/bin/colcon', 'build']
[0.655s] DEBUG:colcon:Parsed command line arguments: Namespace(log_base=None, log_level=None, verb_name='build', build_base='build', install_base='install', merge_install=False, symlink_install=False, test_result_base=None, continue_on_error=False, executor='parallel', parallel_workers=32, event_handlers=None, ignore_user_meta=False, metas=['./colcon.meta'], base_paths=['.'], packages_ignore=None, packages_ignore_regex=None, paths=None, packages_up_to=None, packages_up_to_regex=None, packages_above=None, packages_above_and_dependencies=None, packages_above_depth=None, packages_select_by_dep=None, packages_skip_by_dep=None, packages_skip_up_to=None, packages_select_build_failed=False, packages_skip_build_finished=False, packages_select_test_failures=False, packages_skip_test_passed=False, packages_select=None, packages_skip=None, packages_select_regex=None, packages_skip_regex=None, packages_start=None, packages_end=None, allow_overriding=[], cmake_args=None, cmake_target=None, cmake_target_skip_unavailable=False, cmake_clean_cache=False, cmake_clean_first=False, cmake_force_configure=False, ament_cmake_args=None, catkin_cmake_args=None, catkin_skip_building_tests=False, mixin_files=None, mixin=None, verb_parser=<colcon_mixin.mixin.mixin_argument.MixinArgumentDecorator object at 0x7f355e68f940>, verb_extension=<colcon_core.verb.build.BuildVerb object at 0x7f355e68f640>, main=<bound method BuildVerb.main of <colcon_core.verb.build.BuildVerb object at 0x7f355e68f640>>, mixin_verb=('build',))
[0.679s] Level 1:colcon.colcon_core.package_discovery:discover_packages(colcon_meta) check parameters
[0.679s] Level 1:colcon.colcon_core.package_discovery:discover_packages(recursive) check parameters
[0.679s] Level 1:colcon.colcon_core.package_discovery:discover_packages(ignore) check parameters
[0.679s] Level 1:colcon.colcon_core.package_discovery:discover_packages(path) check parameters
[0.679s] Level 1:colcon.colcon_core.package_discovery:discover_packages(colcon_meta) discover
[0.679s] Level 1:colcon.colcon_core.package_discovery:discover_packages(recursive) discover
[0.679s] INFO:colcon.colcon_core.package_discovery:Crawling recursively for packages in '/home/xpan/repos/soem_vendor'
[0.680s] Level 1:colcon.colcon_core.package_identification:_identify(.) by extensions ['ignore', 'ignore_ament_install']
[0.680s] Level 1:colcon.colcon_core.package_identification:_identify(.) by extension 'ignore'
[0.680s] Level 1:colcon.colcon_core.package_identification:_identify(.) by extension 'ignore_ament_install'
[0.680s] Level 1:colcon.colcon_core.package_identification:_identify(.) by extensions ['colcon_pkg']
[0.680s] Level 1:colcon.colcon_core.package_identification:_identify(.) by extension 'colcon_pkg'
[0.680s] Level 1:colcon.colcon_core.package_identification:_identify(.) by extensions ['colcon_meta']
[0.680s] Level 1:colcon.colcon_core.package_identification:_identify(.) by extension 'colcon_meta'
[0.680s] Level 1:colcon.colcon_core.package_identification:_identify(.) by extensions ['ros']
[0.680s] Level 1:colcon.colcon_core.package_identification:_identify(.) by extension 'ros'
[0.687s] DEBUG:colcon.colcon_core.package_identification:Package '.' with type 'ros.ament_cmake' and name 'soem_vendor'
[0.687s] Level 1:colcon.colcon_core.package_discovery:discover_packages(recursive) using defaults
[0.687s] Level 1:colcon.colcon_core.package_discovery:discover_packages(ignore) discover
[0.687s] Level 1:colcon.colcon_core.package_discovery:discover_packages(ignore) using defaults
[0.687s] Level 1:colcon.colcon_core.package_discovery:discover_packages(path) discover
[0.687s] Level 1:colcon.colcon_core.package_discovery:discover_packages(path) using defaults
[0.734s] Level 1:colcon.colcon_core.package_discovery:discover_packages(prefix_path) check parameters
[0.734s] Level 1:colcon.colcon_core.package_discovery:discover_packages(prefix_path) discover
[0.750s] DEBUG:colcon.colcon_installed_package_information.package_discovery:Found 193 installed packages in /opt/ros/humble
[0.750s] Level 1:colcon.colcon_core.package_discovery:discover_packages(prefix_path) using defaults
[0.788s] Level 5:colcon.colcon_core.verb:set package 'soem_vendor' build argument 'cmake_args' from command line to 'None'
[0.788s] Level 5:colcon.colcon_core.verb:set package 'soem_vendor' build argument 'cmake_target' from command line to 'None'
[0.788s] Level 5:colcon.colcon_core.verb:set package 'soem_vendor' build argument 'cmake_target_skip_unavailable' from command line to 'False'
[0.788s] Level 5:colcon.colcon_core.verb:set package 'soem_vendor' build argument 'cmake_clean_cache' from command line to 'False'
[0.788s] Level 5:colcon.colcon_core.verb:set package 'soem_vendor' build argument 'cmake_clean_first' from command line to 'False'
[0.788s] Level 5:colcon.colcon_core.verb:set package 'soem_vendor' build argument 'cmake_force_configure' from command line to 'False'
[0.788s] Level 5:colcon.colcon_core.verb:set package 'soem_vendor' build argument 'ament_cmake_args' from command line to 'None'
[0.788s] Level 5:colcon.colcon_core.verb:set package 'soem_vendor' build argument 'catkin_cmake_args' from command line to 'None'
[0.788s] Level 5:colcon.colcon_core.verb:set package 'soem_vendor' build argument 'catkin_skip_building_tests' from command line to 'False'
[0.788s] DEBUG:colcon.colcon_core.verb:Building package 'soem_vendor' with the following arguments: {'ament_cmake_args': None, 'build_base': '/home/xpan/repos/soem_vendor/build/soem_vendor', 'catkin_cmake_args': None, 'catkin_skip_building_tests': False, 'cmake_args': None, 'cmake_clean_cache': False, 'cmake_clean_first': False, 'cmake_force_configure': False, 'cmake_target': None, 'cmake_target_skip_unavailable': False, 'install_base': '/home/xpan/repos/soem_vendor/install/soem_vendor', 'merge_install': False, 'path': '/home/xpan/repos/soem_vendor', 'symlink_install': False, 'test_result_base': None}
[0.795s] INFO:colcon.colcon_core.executor:Executing jobs using 'parallel' executor
[0.803s] DEBUG:colcon.colcon_parallel_executor.executor.parallel:run_until_complete
[0.803s] INFO:colcon.colcon_ros.task.ament_cmake.build:Building ROS package in '/home/xpan/repos/soem_vendor' with build type 'ament_cmake'
[0.803s] INFO:colcon.colcon_cmake.task.cmake.build:Building CMake package in '/home/xpan/repos/soem_vendor'
[0.812s] INFO:colcon.colcon_core.plugin_system:Skipping extension 'colcon_core.shell.bat': Not used on non-Windows systems
[0.812s] INFO:colcon.colcon_core.shell:Skip shell extension 'powershell' for command environment: Not usable outside of PowerShell
[0.812s] DEBUG:colcon.colcon_core.shell:Skip shell extension 'dsv' for command environment
[0.831s] DEBUG:colcon.colcon_core.event_handler.log_command:Invoking command in '/home/xpan/repos/soem_vendor/build/soem_vendor': CMAKE_PREFIX_PATH=/opt/ros/humble /usr/bin/cmake --build /home/xpan/repos/soem_vendor/build/soem_vendor -- -j32 -l32
[1.271s] DEBUG:colcon.colcon_core.event_handler.log_command:Invoked command in '/home/xpan/repos/soem_vendor/build/soem_vendor' returned '0': CMAKE_PREFIX_PATH=/opt/ros/humble /usr/bin/cmake --build /home/xpan/repos/soem_vendor/build/soem_vendor -- -j32 -l32
[1.283s] DEBUG:colcon.colcon_core.event_handler.log_command:Invoking command in '/home/xpan/repos/soem_vendor/build/soem_vendor': CMAKE_PREFIX_PATH=/opt/ros/humble /usr/bin/cmake --install /home/xpan/repos/soem_vendor/build/soem_vendor
[1.289s] Level 1:colcon.colcon_core.environment:create_environment_scripts_only(soem_vendor)
[1.290s] DEBUG:colcon.colcon_core.event_handler.log_command:Invoked command in '/home/xpan/repos/soem_vendor/build/soem_vendor' returned '0': CMAKE_PREFIX_PATH=/opt/ros/humble /usr/bin/cmake --install /home/xpan/repos/soem_vendor/build/soem_vendor
[1.303s] Level 1:colcon.colcon_core.environment:checking '/home/xpan/repos/soem_vendor/install/soem_vendor' for CMake module files
[1.303s] Level 1:colcon.colcon_core.environment:checking '/home/xpan/repos/soem_vendor/install/soem_vendor' for CMake config files
[1.303s] Level 1:colcon.colcon_core.shell:create_environment_hook('soem_vendor', 'cmake_prefix_path')
[1.315s] INFO:colcon.colcon_core.shell:Creating environment hook '/home/xpan/repos/soem_vendor/install/soem_vendor/share/soem_vendor/hook/cmake_prefix_path.ps1'
[1.316s] INFO:colcon.colcon_core.shell:Creating environment descriptor '/home/xpan/repos/soem_vendor/install/soem_vendor/share/soem_vendor/hook/cmake_prefix_path.dsv'
[1.316s] INFO:colcon.colcon_core.shell:Creating environment hook '/home/xpan/repos/soem_vendor/install/soem_vendor/share/soem_vendor/hook/cmake_prefix_path.sh'
[1.317s] Level 1:colcon.colcon_core.environment:checking '/home/xpan/repos/soem_vendor/install/soem_vendor/lib'
[1.317s] Level 1:colcon.colcon_core.environment:checking '/home/xpan/repos/soem_vendor/install/soem_vendor/bin'
[1.317s] Level 1:colcon.colcon_core.shell:create_environment_hook('soem_vendor', 'path')
[1.329s] INFO:colcon.colcon_core.shell:Creating environment hook '/home/xpan/repos/soem_vendor/install/soem_vendor/share/soem_vendor/hook/path.ps1'
[1.329s] INFO:colcon.colcon_core.shell:Creating environment descriptor '/home/xpan/repos/soem_vendor/install/soem_vendor/share/soem_vendor/hook/path.dsv'
[1.329s] INFO:colcon.colcon_core.shell:Creating environment hook '/home/xpan/repos/soem_vendor/install/soem_vendor/share/soem_vendor/hook/path.sh'
[1.330s] Level 1:colcon.colcon_core.environment:checking '/home/xpan/repos/soem_vendor/install/soem_vendor/lib/pkgconfig/soem_vendor.pc'
[1.330s] Level 1:colcon.colcon_core.environment:checking '/home/xpan/repos/soem_vendor/install/soem_vendor/lib/python3.10/site-packages'
[1.330s] Level 1:colcon.colcon_core.environment:checking '/home/xpan/repos/soem_vendor/install/soem_vendor/bin'
[1.330s] Level 1:colcon.colcon_core.shell:create_environment_hook('soem_vendor', 'pythonscriptspath')
[1.342s] INFO:colcon.colcon_core.shell:Creating environment hook '/home/xpan/repos/soem_vendor/install/soem_vendor/share/soem_vendor/hook/pythonscriptspath.ps1'
[1.342s] INFO:colcon.colcon_core.shell:Creating environment descriptor '/home/xpan/repos/soem_vendor/install/soem_vendor/share/soem_vendor/hook/pythonscriptspath.dsv'
[1.342s] INFO:colcon.colcon_core.shell:Creating environment hook '/home/xpan/repos/soem_vendor/install/soem_vendor/share/soem_vendor/hook/pythonscriptspath.sh'
[1.354s] INFO:colcon.colcon_core.shell:Creating package script '/home/xpan/repos/soem_vendor/install/soem_vendor/share/soem_vendor/package.ps1'
[1.355s] INFO:colcon.colcon_core.shell:Creating package descriptor '/home/xpan/repos/soem_vendor/install/soem_vendor/share/soem_vendor/package.dsv'
[1.355s] INFO:colcon.colcon_core.shell:Creating package script '/home/xpan/repos/soem_vendor/install/soem_vendor/share/soem_vendor/package.sh'
[1.356s] INFO:colcon.colcon_core.shell:Creating package script '/home/xpan/repos/soem_vendor/install/soem_vendor/share/soem_vendor/package.bash'
[1.357s] INFO:colcon.colcon_core.shell:Creating package script '/home/xpan/repos/soem_vendor/install/soem_vendor/share/soem_vendor/package.zsh'
[1.357s] Level 1:colcon.colcon_core.environment:create_file_with_runtime_dependencies(/home/xpan/repos/soem_vendor/install/soem_vendor/share/colcon-core/packages/soem_vendor)
[1.389s] Level 1:colcon.colcon_core.environment:create_environment_scripts_only(soem_vendor)
[1.401s] Level 1:colcon.colcon_core.environment:checking '/home/xpan/repos/soem_vendor/install/soem_vendor' for CMake module files
[1.402s] Level 1:colcon.colcon_core.environment:checking '/home/xpan/repos/soem_vendor/install/soem_vendor' for CMake config files
[1.402s] Level 1:colcon.colcon_core.shell:create_environment_hook('soem_vendor', 'cmake_prefix_path')
[1.409s] INFO:colcon.colcon_core.shell:Creating environment hook '/home/xpan/repos/soem_vendor/install/soem_vendor/share/soem_vendor/hook/cmake_prefix_path.ps1'
[1.410s] INFO:colcon.colcon_core.shell:Creating environment descriptor '/home/xpan/repos/soem_vendor/install/soem_vendor/share/soem_vendor/hook/cmake_prefix_path.dsv'
[1.410s] INFO:colcon.colcon_core.shell:Creating environment hook '/home/xpan/repos/soem_vendor/install/soem_vendor/share/soem_vendor/hook/cmake_prefix_path.sh'
[1.410s] Level 1:colcon.colcon_core.environment:checking '/home/xpan/repos/soem_vendor/install/soem_vendor/lib'
[1.410s] Level 1:colcon.colcon_core.environment:checking '/home/xpan/repos/soem_vendor/install/soem_vendor/bin'
[1.410s] Level 1:colcon.colcon_core.shell:create_environment_hook('soem_vendor', 'path')
[1.418s] INFO:colcon.colcon_core.shell:Creating environment hook '/home/xpan/repos/soem_vendor/install/soem_vendor/share/soem_vendor/hook/path.ps1'
[1.418s] INFO:colcon.colcon_core.shell:Creating environment descriptor '/home/xpan/repos/soem_vendor/install/soem_vendor/share/soem_vendor/hook/path.dsv'
[1.418s] INFO:colcon.colcon_core.shell:Creating environment hook '/home/xpan/repos/soem_vendor/install/soem_vendor/share/soem_vendor/hook/path.sh'
[1.418s] Level 1:colcon.colcon_core.environment:checking '/home/xpan/repos/soem_vendor/install/soem_vendor/lib/pkgconfig/soem_vendor.pc'
[1.418s] Level 1:colcon.colcon_core.environment:checking '/home/xpan/repos/soem_vendor/install/soem_vendor/lib/python3.10/site-packages'
[1.418s] Level 1:colcon.colcon_core.environment:checking '/home/xpan/repos/soem_vendor/install/soem_vendor/bin'
[1.419s] Level 1:colcon.colcon_core.shell:create_environment_hook('soem_vendor', 'pythonscriptspath')
[1.426s] INFO:colcon.colcon_core.shell:Creating environment hook '/home/xpan/repos/soem_vendor/install/soem_vendor/share/soem_vendor/hook/pythonscriptspath.ps1'
[1.426s] INFO:colcon.colcon_core.shell:Creating environment descriptor '/home/xpan/repos/soem_vendor/install/soem_vendor/share/soem_vendor/hook/pythonscriptspath.dsv'
[1.427s] INFO:colcon.colcon_core.shell:Creating environment hook '/home/xpan/repos/soem_vendor/install/soem_vendor/share/soem_vendor/hook/pythonscriptspath.sh'
[1.434s] INFO:colcon.colcon_core.shell:Creating package script '/home/xpan/repos/soem_vendor/install/soem_vendor/share/soem_vendor/package.ps1'
[1.435s] INFO:colcon.colcon_core.shell:Creating package descriptor '/home/xpan/repos/soem_vendor/install/soem_vendor/share/soem_vendor/package.dsv'
[1.435s] INFO:colcon.colcon_core.shell:Creating package script '/home/xpan/repos/soem_vendor/install/soem_vendor/share/soem_vendor/package.sh'
[1.435s] INFO:colcon.colcon_core.shell:Creating package script '/home/xpan/repos/soem_vendor/install/soem_vendor/share/soem_vendor/package.bash'
[1.435s] INFO:colcon.colcon_core.shell:Creating package script '/home/xpan/repos/soem_vendor/install/soem_vendor/share/soem_vendor/package.zsh'
[1.436s] Level 1:colcon.colcon_core.environment:create_file_with_runtime_dependencies(/home/xpan/repos/soem_vendor/install/soem_vendor/share/colcon-core/packages/soem_vendor)
[1.436s] DEBUG:colcon.colcon_parallel_executor.executor.parallel:closing loop
[1.436s] DEBUG:colcon.colcon_parallel_executor.executor.parallel:loop closed
[1.436s] DEBUG:colcon.colcon_parallel_executor.executor.parallel:run_until_complete finished with '0'
[1.436s] DEBUG:colcon.colcon_core.event_reactor:joining thread
[1.451s] INFO:colcon.colcon_core.plugin_system:Skipping extension 'colcon_notification.desktop_notification.terminal_notifier': Not used on non-Darwin systems
[1.451s] INFO:colcon.colcon_core.plugin_system:Skipping extension 'colcon_notification.desktop_notification.win32': Not used on non-Windows systems
[1.451s] INFO:colcon.colcon_notification.desktop_notification:Sending desktop notification using 'notify2'
[1.452s] DEBUG:colcon.colcon_notification.desktop_notification.notify2:Failed to initialize notify2: org.freedesktop.DBus.Error.ServiceUnknown: The name org.freedesktop.Notifications was not provided by any .service files
[1.452s] DEBUG:colcon.colcon_core.event_reactor:joined thread
[1.460s] INFO:colcon.colcon_core.shell:Creating prefix script '/home/xpan/repos/soem_vendor/install/local_setup.ps1'
[1.461s] INFO:colcon.colcon_core.shell:Creating prefix util module '/home/xpan/repos/soem_vendor/install/_local_setup_util_ps1.py'
[1.461s] INFO:colcon.colcon_core.shell:Creating prefix chain script '/home/xpan/repos/soem_vendor/install/setup.ps1'
[1.469s] INFO:colcon.colcon_core.shell:Creating prefix script '/home/xpan/repos/soem_vendor/install/local_setup.sh'
[1.469s] INFO:colcon.colcon_core.shell:Creating prefix util module '/home/xpan/repos/soem_vendor/install/_local_setup_util_sh.py'
[1.470s] INFO:colcon.colcon_core.shell:Creating prefix chain script '/home/xpan/repos/soem_vendor/install/setup.sh'
[1.477s] INFO:colcon.colcon_core.shell:Creating prefix script '/home/xpan/repos/soem_vendor/install/local_setup.bash'
[1.478s] INFO:colcon.colcon_core.shell:Creating prefix chain script '/home/xpan/repos/soem_vendor/install/setup.bash'
[1.485s] INFO:colcon.colcon_core.shell:Creating prefix script '/home/xpan/repos/soem_vendor/install/local_setup.zsh'
[1.486s] INFO:colcon.colcon_core.shell:Creating prefix chain script '/home/xpan/repos/soem_vendor/install/setup.zsh'
